1684079389.341276 client started (205084): version 3.2a, socket /tmp/tmux-1000/default, protocol 8
1684079389.341325 on Linux 5.19.0-41-generic #42~22.04.1-Ubuntu SMP PREEMPT_DYNAMIC Tue Apr 18 17:40:00 UTC 2
1684079389.341335 using libevent 2.1.12-stable (poll); ncurses 6.3
1684079389.341364 flags are 0x18010000
1684079389.341372 socket is /tmp/tmux-1000/default
1684079389.341392 trying connect
1684079389.341496 add peer 0x55c09bdb7460: 6 ((nil))
1684079389.341964 sending message 100 to peer 0x55c09bdb7460 (4 bytes)
1684079389.341975 sending message 111 to peer 0x55c09bdb7460 (8 bytes)
1684079389.341981 sending message 101 to peer 0x55c09bdb7460 (10 bytes)
1684079389.341986 sending message 109 to peer 0x55c09bdb7460 (4 bytes)
1684079389.341991 sending message 102 to peer 0x55c09bdb7460 (11 bytes)
1684079389.341997 sending message 108 to peer 0x55c09bdb7460 (55 bytes)
1684079389.342002 sending message 112 to peer 0x55c09bdb7460 (58 bytes)
1684079389.342007 sending message 112 to peer 0x55c09bdb7460 (5 bytes)
1684079389.342013 sending message 112 to peer 0x55c09bdb7460 (5 bytes)
1684079389.342018 sending message 112 to peer 0x55c09bdb7460 (6 bytes)
1684079389.342022 sending message 112 to peer 0x55c09bdb7460 (6 bytes)
1684079389.342027 sending message 112 to peer 0x55c09bdb7460 (11 bytes)
1684079389.342032 sending message 112 to peer 0x55c09bdb7460 (10 bytes)
1684079389.342037 sending message 112 to peer 0x55c09bdb7460 (13 bytes)
1684079389.342042 sending message 112 to peer 0x55c09bdb7460 (14 bytes)
1684079389.342047 sending message 112 to peer 0x55c09bdb7460 (19 bytes)
1684079389.342052 sending message 112 to peer 0x55c09bdb7460 (11 bytes)
1684079389.342058 sending message 112 to peer 0x55c09bdb7460 (10 bytes)
1684079389.342063 sending message 112 to peer 0x55c09bdb7460 (15 bytes)
1684079389.342068 sending message 112 to peer 0x55c09bdb7460 (21 bytes)
1684079389.342072 sending message 112 to peer 0x55c09bdb7460 (13 bytes)
1684079389.342077 sending message 112 to peer 0x55c09bdb7460 (7 bytes)
1684079389.342083 sending message 112 to peer 0x55c09bdb7460 (13 bytes)
1684079389.342088 sending message 112 to peer 0x55c09bdb7460 (7 bytes)
1684079389.342092 sending message 112 to peer 0x55c09bdb7460 (13 bytes)
1684079389.342097 sending message 112 to peer 0x55c09bdb7460 (9 bytes)
1684079389.342102 sending message 112 to peer 0x55c09bdb7460 (21 bytes)
1684079389.342107 sending message 112 to peer 0x55c09bdb7460 (13 bytes)
1684079389.342112 sending message 112 to peer 0x55c09bdb7460 (9 bytes)
1684079389.342117 sending message 112 to peer 0x55c09bdb7460 (16 bytes)
1684079389.342121 sending message 112 to peer 0x55c09bdb7460 (13 bytes)
1684079389.342126 sending message 112 to peer 0x55c09bdb7460 (9 bytes)
1684079389.342131 sending message 112 to peer 0x55c09bdb7460 (9 bytes)
1684079389.342136 sending message 112 to peer 0x55c09bdb7460 (12 bytes)
1684079389.342141 sending message 112 to peer 0x55c09bdb7460 (8 bytes)
1684079389.342146 sending message 112 to peer 0x55c09bdb7460 (8 bytes)
1684079389.342151 sending message 112 to peer 0x55c09bdb7460 (13 bytes)
1684079389.342155 sending message 112 to peer 0x55c09bdb7460 (7 bytes)
1684079389.342160 sending message 112 to peer 0x55c09bdb7460 (7 bytes)
1684079389.342165 sending message 112 to peer 0x55c09bdb7460 (9 bytes)
1684079389.342170 sending message 112 to peer 0x55c09bdb7460 (6 bytes)
1684079389.342175 sending message 112 to peer 0x55c09bdb7460 (9 bytes)
1684079389.342180 sending message 112 to peer 0x55c09bdb7460 (15 bytes)
1684079389.342185 sending message 112 to peer 0x55c09bdb7460 (13 bytes)
1684079389.342190 sending message 112 to peer 0x55c09bdb7460 (12 bytes)
1684079389.342195 sending message 112 to peer 0x55c09bdb7460 (8 bytes)
1684079389.342200 sending message 112 to peer 0x55c09bdb7460 (14 bytes)
1684079389.342205 sending message 112 to peer 0x55c09bdb7460 (11 bytes)
1684079389.342209 sending message 112 to peer 0x55c09bdb7460 (9 bytes)
1684079389.342214 sending message 112 to peer 0x55c09bdb7460 (10 bytes)
1684079389.342219 sending message 112 to peer 0x55c09bdb7460 (10 bytes)
1684079389.342235 sending message 112 to peer 0x55c09bdb7460 (10 bytes)
1684079389.342240 sending message 112 to peer 0x55c09bdb7460 (10 bytes)
1684079389.342245 sending message 112 to peer 0x55c09bdb7460 (11 bytes)
1684079389.342250 sending message 112 to peer 0x55c09bdb7460 (12 bytes)
1684079389.342255 sending message 112 to peer 0x55c09bdb7460 (12 bytes)
1684079389.342259 sending message 112 to peer 0x55c09bdb7460 (12 bytes)
1684079389.342264 sending message 112 to peer 0x55c09bdb7460 (12 bytes)
1684079389.342269 sending message 112 to peer 0x55c09bdb7460 (12 bytes)
1684079389.342274 sending message 112 to peer 0x55c09bdb7460 (11 bytes)
1684079389.342279 sending message 112 to peer 0x55c09bdb7460 (11 bytes)
1684079389.342284 sending message 112 to peer 0x55c09bdb7460 (12 bytes)
1684079389.342289 sending message 112 to peer 0x55c09bdb7460 (12 bytes)
1684079389.342293 sending message 112 to peer 0x55c09bdb7460 (12 bytes)
1684079389.342298 sending message 112 to peer 0x55c09bdb7460 (12 bytes)
1684079389.342303 sending message 112 to peer 0x55c09bdb7460 (12 bytes)
1684079389.342308 sending message 112 to peer 0x55c09bdb7460 (9 bytes)
1684079389.342313 sending message 112 to peer 0x55c09bdb7460 (12 bytes)
1684079389.342318 sending message 112 to peer 0x55c09bdb7460 (13 bytes)
1684079389.342322 sending message 112 to peer 0x55c09bdb7460 (13 bytes)
1684079389.342327 sending message 112 to peer 0x55c09bdb7460 (13 bytes)
1684079389.342332 sending message 112 to peer 0x55c09bdb7460 (13 bytes)
1684079389.342337 sending message 112 to peer 0x55c09bdb7460 (13 bytes)
1684079389.342342 sending message 112 to peer 0x55c09bdb7460 (8 bytes)
1684079389.342348 sending message 112 to peer 0x55c09bdb7460 (11 bytes)
1684079389.342353 sending message 112 to peer 0x55c09bdb7460 (11 bytes)
1684079389.342358 sending message 112 to peer 0x55c09bdb7460 (11 bytes)
1684079389.342362 sending message 112 to peer 0x55c09bdb7460 (12 bytes)
1684079389.342367 sending message 112 to peer 0x55c09bdb7460 (12 bytes)
1684079389.342372 sending message 112 to peer 0x55c09bdb7460 (12 bytes)
1684079389.342377 sending message 112 to peer 0x55c09bdb7460 (12 bytes)
1684079389.342381 sending message 112 to peer 0x55c09bdb7460 (13 bytes)
1684079389.342386 sending message 112 to peer 0x55c09bdb7460 (13 bytes)
1684079389.342391 sending message 112 to peer 0x55c09bdb7460 (13 bytes)
1684079389.342396 sending message 112 to peer 0x55c09bdb7460 (8 bytes)
1684079389.342401 sending message 112 to peer 0x55c09bdb7460 (13 bytes)
1684079389.342406 sending message 112 to peer 0x55c09bdb7460 (13 bytes)
1684079389.342411 sending message 112 to peer 0x55c09bdb7460 (13 bytes)
1684079389.342416 sending message 112 to peer 0x55c09bdb7460 (13 bytes)
1684079389.342420 sending message 112 to peer 0x55c09bdb7460 (13 bytes)
1684079389.342425 sending message 112 to peer 0x55c09bdb7460 (12 bytes)
1684079389.342430 sending message 112 to peer 0x55c09bdb7460 (12 bytes)
1684079389.342435 sending message 112 to peer 0x55c09bdb7460 (12 bytes)
1684079389.342440 sending message 112 to peer 0x55c09bdb7460 (12 bytes)
1684079389.342444 sending message 112 to peer 0x55c09bdb7460 (13 bytes)
1684079389.342449 sending message 112 to peer 0x55c09bdb7460 (8 bytes)
1684079389.342454 sending message 112 to peer 0x55c09bdb7460 (13 bytes)
1684079389.342459 sending message 112 to peer 0x55c09bdb7460 (13 bytes)
1684079389.342464 sending message 112 to peer 0x55c09bdb7460 (13 bytes)
1684079389.342468 sending message 112 to peer 0x55c09bdb7460 (13 bytes)
1684079389.342473 sending message 112 to peer 0x55c09bdb7460 (13 bytes)
1684079389.342478 sending message 112 to peer 0x55c09bdb7460 (13 bytes)
1684079389.342483 sending message 112 to peer 0x55c09bdb7460 (13 bytes)
1684079389.342488 sending message 112 to peer 0x55c09bdb7460 (12 bytes)
1684079389.342492 sending message 112 to peer 0x55c09bdb7460 (12 bytes)
1684079389.342497 sending message 112 to peer 0x55c09bdb7460 (12 bytes)
1684079389.342502 sending message 112 to peer 0x55c09bdb7460 (8 bytes)
1684079389.342507 sending message 112 to peer 0x55c09bdb7460 (12 bytes)
1684079389.342516 sending message 112 to peer 0x55c09bdb7460 (13 bytes)
1684079389.342521 sending message 112 to peer 0x55c09bdb7460 (13 bytes)
1684079389.342526 sending message 112 to peer 0x55c09bdb7460 (13 bytes)
1684079389.342531 sending message 112 to peer 0x55c09bdb7460 (13 bytes)
1684079389.342536 sending message 112 to peer 0x55c09bdb7460 (13 bytes)
1684079389.342541 sending message 112 to peer 0x55c09bdb7460 (13 bytes)
1684079389.342545 sending message 112 to peer 0x55c09bdb7460 (13 bytes)
1684079389.342550 sending message 112 to peer 0x55c09bdb7460 (13 bytes)
1684079389.342555 sending message 112 to peer 0x55c09bdb7460 (12 bytes)
1684079389.342560 sending message 112 to peer 0x55c09bdb7460 (10 bytes)
1684079389.342565 sending message 112 to peer 0x55c09bdb7460 (12 bytes)
1684079389.342570 sending message 112 to peer 0x55c09bdb7460 (12 bytes)
1684079389.342574 sending message 112 to peer 0x55c09bdb7460 (12 bytes)
1684079389.342579 sending message 112 to peer 0x55c09bdb7460 (13 bytes)
1684079389.342584 sending message 112 to peer 0x55c09bdb7460 (13 bytes)
1684079389.342589 sending message 112 to peer 0x55c09bdb7460 (13 bytes)
1684079389.342594 sending message 112 to peer 0x55c09bdb7460 (13 bytes)
1684079389.342598 sending message 112 to peer 0x55c09bdb7460 (13 bytes)
1684079389.342603 sending message 112 to peer 0x55c09bdb7460 (13 bytes)
1684079389.342608 sending message 112 to peer 0x55c09bdb7460 (13 bytes)
1684079389.342613 sending message 112 to peer 0x55c09bdb7460 (10 bytes)
1684079389.342618 sending message 112 to peer 0x55c09bdb7460 (13 bytes)
1684079389.342623 sending message 112 to peer 0x55c09bdb7460 (12 bytes)
1684079389.342628 sending message 112 to peer 0x55c09bdb7460 (12 bytes)
1684079389.342633 sending message 112 to peer 0x55c09bdb7460 (12 bytes)
1684079389.342637 sending message 112 to peer 0x55c09bdb7460 (10 bytes)
1684079389.342642 sending message 112 to peer 0x55c09bdb7460 (10 bytes)
1684079389.342647 sending message 112 to peer 0x55c09bdb7460 (10 bytes)
1684079389.342651 sending message 112 to peer 0x55c09bdb7460 (12 bytes)
1684079389.342656 sending message 112 to peer 0x55c09bdb7460 (13 bytes)
1684079389.342661 sending message 112 to peer 0x55c09bdb7460 (13 bytes)
1684079389.342666 sending message 112 to peer 0x55c09bdb7460 (13 bytes)
1684079389.342670 sending message 112 to peer 0x55c09bdb7460 (13 bytes)
1684079389.342675 sending message 112 to peer 0x55c09bdb7460 (13 bytes)
1684079389.342680 sending message 112 to peer 0x55c09bdb7460 (10 bytes)
1684079389.342684 sending message 112 to peer 0x55c09bdb7460 (11 bytes)
1684079389.342689 sending message 112 to peer 0x55c09bdb7460 (12 bytes)
1684079389.342694 sending message 112 to peer 0x55c09bdb7460 (12 bytes)
1684079389.342698 sending message 112 to peer 0x55c09bdb7460 (12 bytes)
1684079389.342703 sending message 112 to peer 0x55c09bdb7460 (12 bytes)
1684079389.342708 sending message 112 to peer 0x55c09bdb7460 (12 bytes)
1684079389.342712 sending message 112 to peer 0x55c09bdb7460 (11 bytes)
1684079389.342717 sending message 112 to peer 0x55c09bdb7460 (12 bytes)
1684079389.342722 sending message 112 to peer 0x55c09bdb7460 (12 bytes)
1684079389.342726 sending message 112 to peer 0x55c09bdb7460 (13 bytes)
1684079389.342731 sending message 112 to peer 0x55c09bdb7460 (13 bytes)
1684079389.342736 sending message 112 to peer 0x55c09bdb7460 (13 bytes)
1684079389.342740 sending message 112 to peer 0x55c09bdb7460 (13 bytes)
1684079389.342745 sending message 112 to peer 0x55c09bdb7460 (13 bytes)
1684079389.342750 sending message 112 to peer 0x55c09bdb7460 (10 bytes)
1684079389.342754 sending message 112 to peer 0x55c09bdb7460 (9 bytes)
1684079389.342759 sending message 112 to peer 0x55c09bdb7460 (12 bytes)
1684079389.342764 sending message 112 to peer 0x55c09bdb7460 (13 bytes)
1684079389.342768 sending message 112 to peer 0x55c09bdb7460 (13 bytes)
1684079389.342773 sending message 112 to peer 0x55c09bdb7460 (13 bytes)
1684079389.342798 sending message 112 to peer 0x55c09bdb7460 (13 bytes)
1684079389.342808 sending message 112 to peer 0x55c09bdb7460 (13 bytes)
1684079389.342817 sending message 112 to peer 0x55c09bdb7460 (9 bytes)
1684079389.342822 sending message 112 to peer 0x55c09bdb7460 (12 bytes)
1684079389.342827 sending message 112 to peer 0x55c09bdb7460 (13 bytes)
1684079389.342831 sending message 112 to peer 0x55c09bdb7460 (13 bytes)
1684079389.342836 sending message 112 to peer 0x55c09bdb7460 (13 bytes)
1684079389.342841 sending message 112 to peer 0x55c09bdb7460 (13 bytes)
1684079389.342846 sending message 112 to peer 0x55c09bdb7460 (13 bytes)
1684079389.342851 sending message 112 to peer 0x55c09bdb7460 (11 bytes)
1684079389.342856 sending message 112 to peer 0x55c09bdb7460 (12 bytes)
1684079389.342861 sending message 112 to peer 0x55c09bdb7460 (13 bytes)
1684079389.342865 sending message 112 to peer 0x55c09bdb7460 (13 bytes)
1684079389.342873 sending message 112 to peer 0x55c09bdb7460 (13 bytes)
1684079389.342877 sending message 112 to peer 0x55c09bdb7460 (13 bytes)
1684079389.342882 sending message 112 to peer 0x55c09bdb7460 (13 bytes)
1684079389.342887 sending message 112 to peer 0x55c09bdb7460 (11 bytes)
1684079389.342891 sending message 112 to peer 0x55c09bdb7460 (12 bytes)
1684079389.342896 sending message 112 to peer 0x55c09bdb7460 (12 bytes)
1684079389.342900 sending message 112 to peer 0x55c09bdb7460 (12 bytes)
1684079389.342905 sending message 112 to peer 0x55c09bdb7460 (12 bytes)
1684079389.342909 sending message 112 to peer 0x55c09bdb7460 (12 bytes)
1684079389.342914 sending message 112 to peer 0x55c09bdb7460 (21 bytes)
1684079389.342919 sending message 112 to peer 0x55c09bdb7460 (12 bytes)
1684079389.342923 sending message 112 to peer 0x55c09bdb7460 (9 bytes)
1684079389.342928 sending message 112 to peer 0x55c09bdb7460 (6 bytes)
1684079389.342933 sending message 112 to peer 0x55c09bdb7460 (13 bytes)
1684079389.342937 sending message 112 to peer 0x55c09bdb7460 (10 bytes)
1684079389.342942 sending message 112 to peer 0x55c09bdb7460 (24 bytes)
1684079389.342949 sending message 112 to peer 0x55c09bdb7460 (13 bytes)
1684079389.342953 sending message 112 to peer 0x55c09bdb7460 (9 bytes)
1684079389.342958 sending message 112 to peer 0x55c09bdb7460 (70 bytes)
1684079389.342963 sending message 112 to peer 0x55c09bdb7460 (69 bytes)
1684079389.342967 sending message 112 to peer 0x55c09bdb7460 (12 bytes)
1684079389.342972 sending message 112 to peer 0x55c09bdb7460 (10 bytes)
1684079389.342977 sending message 112 to peer 0x55c09bdb7460 (10 bytes)
1684079389.342981 sending message 112 to peer 0x55c09bdb7460 (24 bytes)
1684079389.342986 sending message 112 to peer 0x55c09bdb7460 (13 bytes)
1684079389.342991 sending message 112 to peer 0x55c09bdb7460 (10 bytes)
1684079389.342995 sending message 112 to peer 0x55c09bdb7460 (10 bytes)
1684079389.343000 sending message 112 to peer 0x55c09bdb7460 (17 bytes)
1684079389.343004 sending message 112 to peer 0x55c09bdb7460 (10 bytes)
1684079389.343009 sending message 112 to peer 0x55c09bdb7460 (13 bytes)
1684079389.343014 sending message 112 to peer 0x55c09bdb7460 (9 bytes)
1684079389.343018 sending message 112 to peer 0x55c09bdb7460 (15 bytes)
1684079389.343025 sending message 112 to peer 0x55c09bdb7460 (5 bytes)
1684079389.343031 sending message 104 to peer 0x55c09bdb7460 (0 bytes)
1684079389.343036 sending message 110 to peer 0x55c09bdb7460 (0 bytes)
1684079389.343041 sending message 107 to peer 0x55c09bdb7460 (4 bytes)
1684079389.343046 sending message 105 to peer 0x55c09bdb7460 (40 bytes)
1684079389.343051 sending message 105 to peer 0x55c09bdb7460 (57 bytes)
1684079389.343056 sending message 105 to peer 0x55c09bdb7460 (29 bytes)
1684079389.343061 sending message 105 to peer 0x55c09bdb7460 (20 bytes)
1684079389.343066 sending message 105 to peer 0x55c09bdb7460 (54 bytes)
1684079389.343070 sending message 105 to peer 0x55c09bdb7460 (51 bytes)
1684079389.343075 sending message 105 to peer 0x55c09bdb7460 (23 bytes)
1684079389.343080 sending message 105 to peer 0x55c09bdb7460 (11 bytes)
1684079389.343084 sending message 105 to peer 0x55c09bdb7460 (18 bytes)
1684079389.343089 sending message 105 to peer 0x55c09bdb7460 (37 bytes)
1684079389.343098 sending message 105 to peer 0x55c09bdb7460 (44 bytes)
1684079389.343103 sending message 105 to peer 0x55c09bdb7460 (32 bytes)
1684079389.343110 sending message 105 to peer 0x55c09bdb7460 (52 bytes)
1684079389.343114 sending message 105 to peer 0x55c09bdb7460 (19 bytes)
1684079389.343119 sending message 105 to peer 0x55c09bdb7460 (28 bytes)
1684079389.343124 sending message 105 to peer 0x55c09bdb7460 (18 bytes)
1684079389.343128 sending message 105 to peer 0x55c09bdb7460 (18 bytes)
1684079389.343133 sending message 105 to peer 0x55c09bdb7460 (47 bytes)
1684079389.343138 sending message 105 to peer 0x55c09bdb7460 (23 bytes)
1684079389.343142 sending message 105 to peer 0x55c09bdb7460 (17 bytes)
1684079389.343147 sending message 105 to peer 0x55c09bdb7460 (18 bytes)
1684079389.343152 sending message 105 to peer 0x55c09bdb7460 (23 bytes)
1684079389.343157 sending message 105 to peer 0x55c09bdb7460 (30 bytes)
1684079389.343161 sending message 105 to peer 0x55c09bdb7460 (27 bytes)
1684079389.343166 sending message 105 to peer 0x55c09bdb7460 (24 bytes)
1684079389.343171 sending message 105 to peer 0x55c09bdb7460 (20 bytes)
1684079389.343175 sending message 105 to peer 0x55c09bdb7460 (23 bytes)
1684079389.343182 sending message 105 to peer 0x55c09bdb7460 (21 bytes)
1684079389.343187 sending message 105 to peer 0x55c09bdb7460 (25 bytes)
1684079389.343191 sending message 105 to peer 0x55c09bdb7460 (20 bytes)
1684079389.343196 sending message 105 to peer 0x55c09bdb7460 (15 bytes)
1684079389.343201 sending message 105 to peer 0x55c09bdb7460 (16 bytes)
1684079389.343205 sending message 105 to peer 0x55c09bdb7460 (54 bytes)
1684079389.343210 sending message 105 to peer 0x55c09bdb7460 (13 bytes)
1684079389.343215 sending message 105 to peer 0x55c09bdb7460 (194 bytes)
1684079389.343220 sending message 105 to peer 0x55c09bdb7460 (59 bytes)
1684079389.343225 sending message 105 to peer 0x55c09bdb7460 (19 bytes)
1684079389.343229 sending message 105 to peer 0x55c09bdb7460 (18 bytes)
1684079389.343234 sending message 105 to peer 0x55c09bdb7460 (82 bytes)
1684079389.343239 sending message 105 to peer 0x55c09bdb7460 (16 bytes)
1684079389.343243 sending message 105 to peer 0x55c09bdb7460 (8 bytes)
1684079389.343251 sending message 105 to peer 0x55c09bdb7460 (33 bytes)
1684079389.343256 sending message 105 to peer 0x55c09bdb7460 (41 bytes)
1684079389.343261 sending message 105 to peer 0x55c09bdb7460 (22 bytes)
1684079389.343265 sending message 105 to peer 0x55c09bdb7460 (15 bytes)
1684079389.343270 sending message 105 to peer 0x55c09bdb7460 (12 bytes)
1684079389.343275 sending message 105 to peer 0x55c09bdb7460 (16 bytes)
1684079389.343279 sending message 105 to peer 0x55c09bdb7460 (18 bytes)
1684079389.343284 sending message 105 to peer 0x55c09bdb7460 (13 bytes)
1684079389.343288 sending message 105 to peer 0x55c09bdb7460 (41 bytes)
1684079389.343293 sending message 105 to peer 0x55c09bdb7460 (45 bytes)
1684079389.343298 sending message 105 to peer 0x55c09bdb7460 (33 bytes)
1684079389.343303 sending message 105 to peer 0x55c09bdb7460 (181 bytes)
1684079389.343308 sending message 105 to peer 0x55c09bdb7460 (23 bytes)
1684079389.343312 sending message 105 to peer 0x55c09bdb7460 (31 bytes)
1684079389.343317 sending message 105 to peer 0x55c09bdb7460 (23 bytes)
1684079389.343324 sending message 105 to peer 0x55c09bdb7460 (27 bytes)
1684079389.343328 sending message 105 to peer 0x55c09bdb7460 (21 bytes)
1684079389.343333 sending message 105 to peer 0x55c09bdb7460 (20 bytes)
1684079389.343338 sending message 105 to peer 0x55c09bdb7460 (16 bytes)
1684079389.343342 sending message 105 to peer 0x55c09bdb7460 (49 bytes)
1684079389.343347 sending message 105 to peer 0x55c09bdb7460 (12 bytes)
1684079389.343352 sending message 105 to peer 0x55c09bdb7460 (20 bytes)
1684079389.343356 sending message 105 to peer 0x55c09bdb7460 (28 bytes)
1684079389.343361 sending message 105 to peer 0x55c09bdb7460 (11 bytes)
1684079389.343366 sending message 105 to peer 0x55c09bdb7460 (8 bytes)
1684079389.343370 sending message 105 to peer 0x55c09bdb7460 (32 bytes)
1684079389.343379 sending message 105 to peer 0x55c09bdb7460 (11 bytes)
1684079389.343384 sending message 105 to peer 0x55c09bdb7460 (30 bytes)
1684079389.343388 sending message 105 to peer 0x55c09bdb7460 (40 bytes)
1684079389.343393 sending message 105 to peer 0x55c09bdb7460 (76 bytes)
1684079389.343400 sending message 105 to peer 0x55c09bdb7460 (10 bytes)
1684079389.343405 sending message 105 to peer 0x55c09bdb7460 (24 bytes)
1684079389.343410 sending message 106 to peer 0x55c09bdb7460 (0 bytes)
1684079389.343419 sending message 200 to peer 0x55c09bdb7460 (4 bytes)
1684079389.343425 client loop enter
1684079389.353193 peer 0x55c09bdb7460 message 207
1684079389.353274 sending message 208 to peer 0x55c09bdb7460 (0 bytes)
1684079410.528055 peer 0x55c09bdb7460 message 203
1684079410.528082 sending message 205 to peer 0x55c09bdb7460 (0 bytes)
1684079410.528560 peer 0x55c09bdb7460 message 204
1684079410.528581 client loop exit
